<?xml version="1.0" encoding="UTF-8"?>
<!-- Generated by org.testng.reporters.JUnitReportReporter -->
<testsuite skipped="3" hostname="DESKTOP-JDFK74N" name="day2.PositiveContactList" tests="7" failures="0" timestamp="08 Oct 2021 12:48:52 GMT" time="14.869" errors="0">
  <testcase name="UpdatingContact" time="0.743" classname="day2.PositiveContactList"/>
  <testcase name="addingContact" time="12.815" classname="day2.PositiveContactList"/>
  <testcase name="deletingSpecificContact3" time="0.665" classname="day2.PositiveContactList"/>
  <testcase name="getSpecificContact3" time="0.646" classname="day2.PositiveContactList"/>
  <testcase name="getSpecificContact" classname="day2.PositiveContactList">
    <skipped/>
  </testcase> <!-- getSpecificContact -->
  <testcase name="getContactListInfo" classname="day2.PositiveContactList">
    <skipped/>
  </testcase> <!-- getContactListInfo -->
  <testcase name="getSpecificContact2" classname="day2.PositiveContactList">
    <skipped/>
  </testcase> <!-- getSpecificContact2 -->
</testsuite> <!-- day2.PositiveContactList -->
