<?xml version="1.0" encoding="UTF-8"?>
<!-- Generated by org.testng.reporters.JUnitReportReporter -->
<testsuite skipped="0" hostname="DESKTOP-JDFK74N" name="day1.WeatherAPI" tests="2" failures="0" timestamp="07 Oct 2021 13:59:19 GMT" time="7.558" errors="0">
  <testcase name="getWeather2" time="0.782" classname="day1.WeatherAPI"/>
  <testcase name="getWeather" time="6.776" classname="day1.WeatherAPI"/>
</testsuite> <!-- day1.WeatherAPI -->
